Build started 2013/3/12 13:10:54.
     1>Project "E:\Visual Studio\扫雷改进\扫雷改进\扫雷改进.vcxproj" on node 2 (build target(s)).
     1>InitializeBuildStatus:
         Creating "Debug\扫雷改进.unsuccessfulbuild" because "AlwaysCreate" was specified.
       ClCompile:
         C:\Program Files (x86)\Microsoft Visual Studio 10.0\VC\bin\CL.exe /c /ZI /nologo /W3 /WX- /Od /Oy- /D _UNICODE /D UNICODE /Gm /EHsc /RTC1 /MDd /GS /fp:precise /Zc:wchar_t /Zc:forScope /Fo"Debug\\" /Fd"Debug\vc100.pdb" /Gd /TP /analyze- /errorReport:prompt "扫雷_2.cpp"
         扫雷_2.cpp
     1>e:\visual studio\扫雷改进\扫雷改进\扫雷_2.cpp(81): warning C4996: 'getch': The POSIX name for this item is deprecated. Instead, use the ISO C++ conformant name: _getch. See online help for details.
                 c:\program files (x86)\microsoft visual studio 10.0\vc\include\conio.h(128) : see declaration of 'getch'
     1>e:\visual studio\扫雷改进\扫雷改进\扫雷_2.cpp(349): warning C4244: 'argument' : conversion from 'time_t' to 'unsigned int', possible loss of data
       Link:
         C:\Program Files (x86)\Microsoft Visual Studio 10.0\VC\bin\link.exe /ERRORREPORT:PROMPT /OUT:"E:\Visual Studio\扫雷改进\Debug\扫雷改进.exe" /NOLOGO kernel32.lib user32.lib gdi32.lib winspool.lib comdlg32.lib advapi32.lib shell32.lib ole32.lib oleaut32.lib uuid.lib odbc32.lib odbccp32.lib /MANIFEST /ManifestFile:"Debug\扫雷改进.exe.intermediate.manifest" /MANIFESTUAC:"level='asInvoker' uiAccess='false'" /DEBUG /PDB:"E:\Visual Studio\扫雷改进\Debug\扫雷改进.pdb" /TLBID:1 /DYNAMICBASE /NXCOMPAT /IMPLIB:"E:\Visual Studio\扫雷改进\Debug\扫雷改进.lib" /MACHINE:X86 "Debug\扫雷_2.obj"
         LINK : E:\Visual Studio\扫雷改进\Debug\扫雷改进.exe not found or not built by the last incremental link; performing full link
         扫雷改进.vcxproj -> E:\Visual Studio\扫雷改进\Debug\扫雷改进.exe
       Manifest:
         C:\Program Files (x86)\Microsoft SDKs\Windows\v7.0A\bin\mt.exe /nologo /verbose /outputresource:"E:\Visual Studio\扫雷改进\Debug\扫雷改进.exe;#1" /manifest "Debug\扫雷改进.exe.intermediate.manifest"
       FinalizeBuildStatus:
         Deleting file "Debug\扫雷改进.unsuccessfulbuild".
         Touching "Debug\扫雷改进.lastbuildstate".
     1>Done Building Project "E:\Visual Studio\扫雷改进\扫雷改进\扫雷改进.vcxproj" (build target(s)).

Build succeeded.

Time Elapsed 00:00:01.16
